# JRE version: OpenJDK Runtime Environment (17.0.6) (build 17.0.6+0-b2043.56-10027231)
# Java VM: OpenJDK 64-Bit Server VM (17.0.6+0-b2043.56-10027231, mixed mode, tiered, compressed oops, compressed class ptrs, g1 gc, windows-amd64)
GC Precious Log:
 CPUs: 12 total, 12 available
 Memory: 7521M
 Large Page Support: Disabled
 NUMA Support: Disabled
 Compressed Oops: Enabled (32-bit)
 Heap Region Size: 1M
 Heap Min Capacity: 8M
 Heap Initial Capacity: 118M
 Heap Max Capacity: 1882M
 Pre-touch: Disabled
 Parallel Workers: 10
 Concurrent Workers: 3
 Concurrent Refinement Workers: 10
 Periodic GC: Disabled
Heap:
 garbage-first heap   total 76800K, used 40764K [0x000000008a600000, 0x0000000100000000)
  region size 1024K, 6 young (6144K), 3 survivors (3072K)
 Metaspace       used 53714K, committed 53952K, reserved 1097728K
  class space    used 6414K, committed 6528K, reserved 1048576K
GC Heap History (20 events):
Event: 1.233 GC heap before
{Heap before GC invocations=4 (full 0):
 garbage-first heap   total 40960K, used 12397K [0x000000008a600000, 0x0000000100000000)
  region size 1024K, 3 young (3072K), 2 survivors (2048K)
 Metaspace       used 28641K, committed 28864K, reserved 1081344K
  class space    used 3548K, committed 3648K, reserved 1048576K
}
Event: 1.236 GC heap after
{Heap after GC invocations=5 (full 0):
 garbage-first heap   total 40960K, used 11728K [0x000000008a600000, 0x0000000100000000)
  region size 1024K, 1 young (1024K), 1 survivors (1024K)
 Metaspace       used 28641K, committed 28864K, reserved 1081344K
  class space    used 3548K, committed 3648K, reserved 1048576K
}
Event: 1.435 GC heap before
{Heap before GC invocations=5 (full 0):
 garbage-first heap   total 40960K, used 33232K [0x000000008a600000, 0x0000000100000000)
  region size 1024K, 20 young (20480K), 1 survivors (1024K)
 Metaspace       used 31232K, committed 31424K, reserved 1081344K
  class space    used 4040K, committed 4096K, reserved 1048576K
}
Event: 1.443 GC heap after
{Heap after GC invocations=6 (full 0):
 garbage-first heap   total 40960K, used 17762K [0x000000008a600000, 0x0000000100000000)
  region size 1024K, 3 young (3072K), 3 survivors (3072K)
 Metaspace       used 31232K, committed 31424K, reserved 1081344K
  class space    used 4040K, committed 4096K, reserved 1048576K
}
Event: 1.605 GC heap before
{Heap before GC invocations=6 (full 0):
 garbage-first heap   total 40960K, used 30050K [0x000000008a600000, 0x0000000100000000)
  region size 1024K, 16 young (16384K), 3 survivors (3072K)
 Metaspace       used 34374K, committed 34560K, reserved 1081344K
  class space    used 4379K, committed 4416K, reserved 1048576K
}
Event: 1.611 GC heap after
{Heap after GC invocations=7 (full 0):
 garbage-first heap   total 63488K, used 17299K [0x000000008a600000, 0x0000000100000000)
  region size 1024K, 2 young (2048K), 2 survivors (2048K)
 Metaspace       used 34374K, committed 34560K, reserved 1081344K
  class space    used 4379K, committed 4416K, reserved 1048576K
}
Event: 1.681 GC heap before
{Heap before GC invocations=7 (full 0):
 garbage-first heap   total 63488K, used 23443K [0x000000008a600000, 0x0000000100000000)
  region size 1024K, 9 young (9216K), 2 survivors (2048K)
 Metaspace       used 35810K, committed 35968K, reserved 1081344K
  class space    used 4531K, committed 4608K, reserved 1048576K
}
Event: 1.684 GC heap after
{Heap after GC invocations=8 (full 0):
 garbage-first heap   total 63488K, used 17984K [0x000000008a600000, 0x0000000100000000)
  region size 1024K, 3 young (3072K), 3 survivors (3072K)
 Metaspace       used 35810K, committed 35968K, reserved 1081344K
  class space    used 4531K, committed 4608K, reserved 1048576K
}
Event: 1.965 GC heap before
{Heap before GC invocations=9 (full 0):
 garbage-first heap   total 63488K, used 43584K [0x000000008a600000, 0x0000000100000000)
  region size 1024K, 29 young (29696K), 3 survivors (3072K)
 Metaspace       used 41146K, committed 41344K, reserved 1089536K
  class space    used 5051K, committed 5184K, reserved 1048576K
}
Event: 1.970 GC heap after
{Heap after GC invocations=10 (full 0):
 garbage-first heap   total 63488K, used 19215K [0x000000008a600000, 0x0000000100000000)
  region size 1024K, 3 young (3072K), 3 survivors (3072K)
 Metaspace       used 41146K, committed 41344K, reserved 1089536K
  class space    used 5051K, committed 5184K, reserved 1048576K
}
Event: 2.411 GC heap before
{Heap before GC invocations=10 (full 0):
 garbage-first heap   total 63488K, used 48911K [0x000000008a600000, 0x0000000100000000)
  region size 1024K, 30 young (30720K), 3 survivors (3072K)
 Metaspace       used 47451K, committed 47680K, reserved 1097728K
  class space    used 5822K, committed 5952K, reserved 1048576K
}
Event: 2.418 GC heap after
{Heap after GC invocations=11 (full 0):
 garbage-first heap   total 63488K, used 24813K [0x000000008a600000, 0x0000000100000000)
  region size 1024K, 4 young (4096K), 4 survivors (4096K)
 Metaspace       used 47451K, committed 47680K, reserved 1097728K
  class space    used 5822K, committed 5952K, reserved 1048576K
}
Event: 2.532 GC heap before
{Heap before GC invocations=11 (full 0):
 garbage-first heap   total 63488K, used 47341K [0x000000008a600000, 0x0000000100000000)
  region size 1024K, 26 young (26624K), 4 survivors (4096K)
 Metaspace       used 48026K, committed 48256K, reserved 1097728K
  class space    used 5874K, committed 5952K, reserved 1048576K
}
Event: 2.540 GC heap after
{Heap after GC invocations=12 (full 0):
 garbage-first heap   total 76800K, used 26474K [0x000000008a600000, 0x0000000100000000)
  region size 1024K, 2 young (2048K), 2 survivors (2048K)
 Metaspace       used 48026K, committed 48256K, reserved 1097728K
  class space    used 5874K, committed 5952K, reserved 1048576K
}
Event: 2.923 GC heap before
{Heap before GC invocations=12 (full 0):
 garbage-first heap   total 76800K, used 58218K [0x000000008a600000, 0x0000000100000000)
  region size 1024K, 33 young (33792K), 2 survivors (2048K)
 Metaspace       used 50578K, committed 50816K, reserved 1097728K
  class space    used 6112K, committed 6208K, reserved 1048576K
}
Event: 2.934 GC heap after
{Heap after GC invocations=13 (full 0):
 garbage-first heap   total 76800K, used 30559K [0x000000008a600000, 0x0000000100000000)
  region size 1024K, 5 young (5120K), 5 survivors (5120K)
 Metaspace       used 50578K, committed 50816K, reserved 1097728K
  class space    used 6112K, committed 6208K, reserved 1048576K
}
Event: 3.380 GC heap before
{Heap before GC invocations=13 (full 0):
 garbage-first heap   total 76800K, used 58207K [0x000000008a600000, 0x0000000100000000)
  region size 1024K, 32 young (32768K), 5 survivors (5120K)
 Metaspace       used 51520K, committed 51776K, reserved 1097728K
  class space    used 6140K, committed 6272K, reserved 1048576K
}
Event: 3.393 GC heap after
{Heap after GC invocations=14 (full 0):
 garbage-first heap   total 76800K, used 35717K [0x000000008a600000, 0x0000000100000000)
  region size 1024K, 4 young (4096K), 4 survivors (4096K)
 Metaspace       used 51520K, committed 51776K, reserved 1097728K
  class space    used 6140K, committed 6272K, reserved 1048576K
}
Event: 3.675 GC heap before
{Heap before GC invocations=14 (full 0):
 garbage-first heap   total 76800K, used 58245K [0x000000008a600000, 0x0000000100000000)
  region size 1024K, 26 young (26624K), 4 survivors (4096K)
 Metaspace       used 53184K, committed 53440K, reserved 1097728K
  class space    used 6336K, committed 6464K, reserved 1048576K
}
Event: 3.687 GC heap after
{Heap after GC invocations=15 (full 0):
 garbage-first heap   total 76800K, used 38716K [0x000000008a600000, 0x0000000100000000)
  region size 1024K, 3 young (3072K), 3 survivors (3072K)
 Metaspace       used 53184K, committed 53440K, reserved 1097728K
  class space    used 6336K, committed 6464K, reserved 1048576K
}

